{"F:\\Projects\\elisa\\App.js": {"path":"F:\\Projects\\elisa\\App.js","statementMap":{"0":{"start":{"line":4,"column":12},"end":{"line":6,"column":1}},"1":{"start":{"line":5,"column":2},"end":{"line":5,"column":23}}},"fnMap":{"0":{"name":"(anonymous_0)","decl":{"start":{"line":4,"column":12},"end":{"line":4,"column":13}},"loc":{"start":{"line":4,"column":18},"end":{"line":6,"column":1}},"line":4}},"branchMap":{},"s":{"0":1,"1":1},"f":{"0":1},"b":{},"_coverageSchema":"43e27e138ebf9cfc5966b082cf9a028302ed4184","hash":"76d72bed4724677522dad54bd3f9488f1ae98f6d"}
,"F:\\Projects\\elisa\\assets\\lataus.png": {"path":"F:\\Projects\\elisa\\assets\\lataus.png","statementMap":{"0":{"start":{"line":1,"column":0},"end":{"line":1,"column":19}}},"fnMap":{},"branchMap":{},"s":{"0":3},"f":{},"b":{},"_coverageSchema":"43e27e138ebf9cfc5966b082cf9a028302ed4184","hash":"c18bfbc5f55706814086a331d39bba775be29702"}
,"F:\\Projects\\elisa\\src\\LoadingIndicator.js": {"path":"F:\\Projects\\elisa\\src\\LoadingIndicator.js","statementMap":{"0":{"start":{"line":5,"column":25},"end":{"line":12,"column":1}},"1":{"start":{"line":6,"column":2},"end":{"line":11,"column":4}},"2":{"start":{"line":14,"column":0},"end":{"line":16,"column":2}}},"fnMap":{"0":{"name":"(anonymous_0)","decl":{"start":{"line":5,"column":25},"end":{"line":5,"column":26}},"loc":{"start":{"line":5,"column":39},"end":{"line":12,"column":1}},"line":5}},"branchMap":{},"s":{"0":3,"1":3,"2":3},"f":{"0":3},"b":{},"_coverageSchema":"43e27e138ebf9cfc5966b082cf9a028302ed4184","hash":"74276e046ba77b3b427e1b9fff341b8bbd51d1ee"}
,"F:\\Projects\\elisa\\src\\MapScreen.js": {"path":"F:\\Projects\\elisa\\src\\MapScreen.js","statementMap":{"0":{"start":{"line":10,"column":0},"end":{"line":17,"column":3}},"1":{"start":{"line":22,"column":12},"end":{"line":99,"column":1}},"2":{"start":{"line":23,"column":36},"end":{"line":23,"column":47}},"3":{"start":{"line":24,"column":34},"end":{"line":24,"column":45}},"4":{"start":{"line":25,"column":20},"end":{"line":25,"column":32}},"5":{"start":{"line":27,"column":19},"end":{"line":61,"column":3}},"6":{"start":{"line":28,"column":29},"end":{"line":33,"column":5}},"7":{"start":{"line":29,"column":26},"end":{"line":29,"column":47}},"8":{"start":{"line":30,"column":22},"end":{"line":30,"column":47}},"9":{"start":{"line":31,"column":6},"end":{"line":31,"column":54}},"10":{"start":{"line":32,"column":6},"end":{"line":32,"column":53}},"11":{"start":{"line":35,"column":4},"end":{"line":39,"column":6}},"12":{"start":{"line":41,"column":4},"end":{"line":41,"column":47}},"13":{"start":{"line":42,"column":18},"end":{"line":58,"column":5}},"14":{"start":{"line":47,"column":8},"end":{"line":52,"column":10}},"15":{"start":{"line":56,"column":8},"end":{"line":56,"column":60}},"16":{"start":{"line":60,"column":4},"end":{"line":60,"column":28}},"17":{"start":{"line":63,"column":2},"end":{"line":65,"column":9}},"18":{"start":{"line":64,"column":4},"end":{"line":64,"column":15}},"19":{"start":{"line":68,"column":2},"end":{"line":72,"column":9}},"20":{"start":{"line":69,"column":4},"end":{"line":71,"column":6}},"21":{"start":{"line":70,"column":6},"end":{"line":70,"column":26}},"22":{"start":{"line":74,"column":2},"end":{"line":98,"column":4}}},"fnMap":{"0":{"name":"(anonymous_0)","decl":{"start":{"line":22,"column":12},"end":{"line":22,"column":13}},"loc":{"start":{"line":22,"column":27},"end":{"line":99,"column":1}},"line":22},"1":{"name":"(anonymous_1)","decl":{"start":{"line":27,"column":19},"end":{"line":27,"column":20}},"loc":{"start":{"line":27,"column":25},"end":{"line":61,"column":3}},"line":27},"2":{"name":"(anonymous_2)","decl":{"start":{"line":28,"column":29},"end":{"line":28,"column":30}},"loc":{"start":{"line":28,"column":40},"end":{"line":33,"column":5}},"line":28},"3":{"name":"(anonymous_3)","decl":{"start":{"line":46,"column":17},"end":{"line":46,"column":18}},"loc":{"start":{"line":46,"column":28},"end":{"line":53,"column":7}},"line":46},"4":{"name":"(anonymous_4)","decl":{"start":{"line":55,"column":17},"end":{"line":55,"column":18}},"loc":{"start":{"line":55,"column":35},"end":{"line":57,"column":7}},"line":55},"5":{"name":"(anonymous_5)","decl":{"start":{"line":63,"column":12},"end":{"line":63,"column":13}},"loc":{"start":{"line":63,"column":18},"end":{"line":65,"column":3}},"line":63},"6":{"name":"(anonymous_6)","decl":{"start":{"line":68,"column":12},"end":{"line":68,"column":13}},"loc":{"start":{"line":68,"column":18},"end":{"line":72,"column":3}},"line":68},"7":{"name":"(anonymous_7)","decl":{"start":{"line":69,"column":11},"end":{"line":69,"column":12}},"loc":{"start":{"line":69,"column":17},"end":{"line":71,"column":5}},"line":69}},"branchMap":{"0":{"loc":{"start":{"line":76,"column":7},"end":{"line":80,"column":7}},"type":"binary-expr","locations":[{"start":{"line":76,"column":7},"end":{"line":76,"column":21}},{"start":{"line":77,"column":8},"end":{"line":79,"column":15}}],"line":76},"1":{"loc":{"start":{"line":93,"column":9},"end":{"line":95,"column":9}},"type":"binary-expr","locations":[{"start":{"line":93,"column":9},"end":{"line":93,"column":24}},{"start":{"line":93,"column":28},"end":{"line":93,"column":42}},{"start":{"line":94,"column":10},"end":{"line":94,"column":78}}],"line":93}},"s":{"0":1,"1":1,"2":0,"3":0,"4":0,"5":0,"6":0,"7":0,"8":0,"9":0,"10":0,"11":0,"12":0,"13":0,"14":0,"15":0,"16":0,"17":0,"18":0,"19":0,"20":0,"21":0,"22":0},"f":{"0":0,"1":0,"2":0,"3":0,"4":0,"5":0,"6":0,"7":0},"b":{"0":[0,0],"1":[0,0,0]},"_coverageSchema":"43e27e138ebf9cfc5966b082cf9a028302ed4184","hash":"1302e3e47cbdafc614ed19179e8885cb1f0f0a1e"}
,"F:\\Projects\\elisa\\src\\Navigator.js": {"path":"F:\\Projects\\elisa\\src\\Navigator.js","statementMap":{"0":{"start":{"line":7,"column":14},"end":{"line":7,"column":36}},"1":{"start":{"line":9,"column":18},"end":{"line":26,"column":1}},"2":{"start":{"line":10,"column":2},"end":{"line":25,"column":4}}},"fnMap":{"0":{"name":"(anonymous_0)","decl":{"start":{"line":9,"column":18},"end":{"line":9,"column":19}},"loc":{"start":{"line":9,"column":24},"end":{"line":26,"column":1}},"line":9}},"branchMap":{},"s":{"0":1,"1":1,"2":1},"f":{"0":1},"b":{},"_coverageSchema":"43e27e138ebf9cfc5966b082cf9a028302ed4184","hash":"376fcb92c57a57bd67bbe25e929ef1ee2990b8cb"}
,"F:\\Projects\\elisa\\src\\Search.js": {"path":"F:\\Projects\\elisa\\src\\Search.js","statementMap":{"0":{"start":{"line":5,"column":15},"end":{"line":27,"column":1}},"1":{"start":{"line":7,"column":44},"end":{"line":7,"column":54}},"2":{"start":{"line":8,"column":2},"end":{"line":26,"column":4}},"3":{"start":{"line":14,"column":30},"end":{"line":14,"column":52}},"4":{"start":{"line":19,"column":25},"end":{"line":19,"column":56}},"5":{"start":{"line":29,"column":0},"end":{"line":31,"column":2}}},"fnMap":{"0":{"name":"(anonymous_0)","decl":{"start":{"line":5,"column":15},"end":{"line":5,"column":16}},"loc":{"start":{"line":5,"column":24},"end":{"line":27,"column":1}},"line":5},"1":{"name":"(anonymous_1)","decl":{"start":{"line":14,"column":22},"end":{"line":14,"column":23}},"loc":{"start":{"line":14,"column":30},"end":{"line":14,"column":52}},"line":14},"2":{"name":"(anonymous_2)","decl":{"start":{"line":19,"column":19},"end":{"line":19,"column":20}},"loc":{"start":{"line":19,"column":25},"end":{"line":19,"column":56}},"line":19}},"branchMap":{},"s":{"0":3,"1":3,"2":3,"3":0,"4":0,"5":3},"f":{"0":3,"1":0,"2":0},"b":{},"_coverageSchema":"43e27e138ebf9cfc5966b082cf9a028302ed4184","hash":"7af40614420e120fde7a43800afc2a0b68a7ea62"}
,"F:\\Projects\\elisa\\src\\TrainItem.js": {"path":"F:\\Projects\\elisa\\src\\TrainItem.js","statementMap":{"0":{"start":{"line":6,"column":18},"end":{"line":20,"column":1}},"1":{"start":{"line":7,"column":2},"end":{"line":19,"column":4}},"2":{"start":{"line":13,"column":10},"end":{"line":13,"column":68}},"3":{"start":{"line":22,"column":0},"end":{"line":24,"column":2}}},"fnMap":{"0":{"name":"(anonymous_0)","decl":{"start":{"line":6,"column":18},"end":{"line":6,"column":19}},"loc":{"start":{"line":6,"column":27},"end":{"line":20,"column":1}},"line":6},"1":{"name":"(anonymous_1)","decl":{"start":{"line":12,"column":17},"end":{"line":12,"column":18}},"loc":{"start":{"line":13,"column":10},"end":{"line":13,"column":68}},"line":13}},"branchMap":{},"s":{"0":3,"1":1,"2":0,"3":3},"f":{"0":1,"1":0},"b":{},"_coverageSchema":"43e27e138ebf9cfc5966b082cf9a028302ed4184","hash":"c14fb0a81b3612de199405f2232dec7e433f6288"}
,"F:\\Projects\\elisa\\src\\TrainScreen.js": {"path":"F:\\Projects\\elisa\\src\\TrainScreen.js","statementMap":{"0":{"start":{"line":9,"column":20},"end":{"line":65,"column":1}},"1":{"start":{"line":11,"column":42},"end":{"line":11,"column":52}},"2":{"start":{"line":13,"column":34},"end":{"line":13,"column":48}},"3":{"start":{"line":15,"column":36},"end":{"line":15,"column":50}},"4":{"start":{"line":18,"column":27},"end":{"line":31,"column":3}},"5":{"start":{"line":19,"column":22},"end":{"line":19,"column":55}},"6":{"start":{"line":20,"column":4},"end":{"line":20,"column":24}},"7":{"start":{"line":21,"column":4},"end":{"line":30,"column":5}},"8":{"start":{"line":23,"column":6},"end":{"line":23,"column":25}},"9":{"start":{"line":24,"column":6},"end":{"line":24,"column":33}},"10":{"start":{"line":28,"column":6},"end":{"line":28,"column":24}},"11":{"start":{"line":29,"column":6},"end":{"line":29,"column":33}},"12":{"start":{"line":34,"column":2},"end":{"line":38,"column":4}},"13":{"start":{"line":35,"column":21},"end":{"line":35,"column":40}},"14":{"start":{"line":36,"column":4},"end":{"line":36,"column":24}},"15":{"start":{"line":37,"column":4},"end":{"line":37,"column":30}},"16":{"start":{"line":41,"column":2},"end":{"line":43,"column":9}},"17":{"start":{"line":42,"column":4},"end":{"line":42,"column":16}},"18":{"start":{"line":45,"column":2},"end":{"line":64,"column":4}},"19":{"start":{"line":56,"column":12},"end":{"line":56,"column":80}},"20":{"start":{"line":58,"column":41},"end":{"line":58,"column":57}}},"fnMap":{"0":{"name":"(anonymous_0)","decl":{"start":{"line":9,"column":20},"end":{"line":9,"column":21}},"loc":{"start":{"line":9,"column":40},"end":{"line":65,"column":1}},"line":9},"1":{"name":"(anonymous_1)","decl":{"start":{"line":18,"column":27},"end":{"line":18,"column":28}},"loc":{"start":{"line":18,"column":44},"end":{"line":31,"column":3}},"line":18},"2":{"name":"(anonymous_2)","decl":{"start":{"line":34,"column":14},"end":{"line":34,"column":15}},"loc":{"start":{"line":34,"column":26},"end":{"line":38,"column":3}},"line":34},"3":{"name":"(anonymous_3)","decl":{"start":{"line":41,"column":12},"end":{"line":41,"column":13}},"loc":{"start":{"line":41,"column":18},"end":{"line":43,"column":3}},"line":41},"4":{"name":"(anonymous_4)","decl":{"start":{"line":55,"column":22},"end":{"line":55,"column":23}},"loc":{"start":{"line":56,"column":12},"end":{"line":56,"column":80}},"line":56},"5":{"name":"(anonymous_5)","decl":{"start":{"line":58,"column":24},"end":{"line":58,"column":25}},"loc":{"start":{"line":58,"column":41},"end":{"line":58,"column":57}},"line":58}},"branchMap":{"0":{"loc":{"start":{"line":21,"column":4},"end":{"line":30,"column":5}},"type":"if","locations":[{"start":{"line":21,"column":4},"end":{"line":30,"column":5}},{"start":{"line":21,"column":4},"end":{"line":30,"column":5}}],"line":21},"1":{"loc":{"start":{"line":49,"column":7},"end":{"line":49,"column":59}},"type":"binary-expr","locations":[{"start":{"line":49,"column":7},"end":{"line":49,"column":25}},{"start":{"line":49,"column":29},"end":{"line":49,"column":59}}],"line":49},"2":{"loc":{"start":{"line":50,"column":7},"end":{"line":62,"column":7}},"type":"cond-expr","locations":[{"start":{"line":51,"column":8},"end":{"line":59,"column":10}},{"start":{"line":61,"column":8},"end":{"line":61,"column":45}}],"line":50}},"s":{"0":2,"1":2,"2":2,"3":2,"4":2,"5":0,"6":0,"7":0,"8":0,"9":0,"10":0,"11":0,"12":2,"13":1,"14":0,"15":0,"16":2,"17":1,"18":2,"19":0,"20":0},"f":{"0":2,"1":0,"2":1,"3":1,"4":0,"5":0},"b":{"0":[0,0],"1":[2,0],"2":[0,2]},"_coverageSchema":"43e27e138ebf9cfc5966b082cf9a028302ed4184","hash":"06e9f53ae2cd455771614ecf96bdceb0dc0a45f3"}
,"F:\\Projects\\elisa\\src\\Functions\\Functions.js": {"path":"F:\\Projects\\elisa\\src\\Functions\\Functions.js","statementMap":{"0":{"start":{"line":4,"column":27},"end":{"line":15,"column":1}},"1":{"start":{"line":5,"column":2},"end":{"line":14,"column":3}},"2":{"start":{"line":6,"column":18},"end":{"line":8,"column":5}},"3":{"start":{"line":9,"column":22},"end":{"line":9,"column":40}},"4":{"start":{"line":11,"column":4},"end":{"line":11,"column":21}},"5":{"start":{"line":13,"column":4},"end":{"line":13,"column":17}},"6":{"start":{"line":21,"column":34},"end":{"line":57,"column":1}},"7":{"start":{"line":25,"column":2},"end":{"line":40,"column":3}},"8":{"start":{"line":26,"column":4},"end":{"line":27,"column":77}},"9":{"start":{"line":30,"column":4},"end":{"line":39,"column":5}},"10":{"start":{"line":32,"column":6},"end":{"line":32,"column":25}},"11":{"start":{"line":33,"column":11},"end":{"line":39,"column":5}},"12":{"start":{"line":35,"column":6},"end":{"line":35,"column":78}},"13":{"start":{"line":38,"column":6},"end":{"line":38,"column":16}},"14":{"start":{"line":43,"column":2},"end":{"line":56,"column":3}},"15":{"start":{"line":44,"column":18},"end":{"line":44,"column":39}},"16":{"start":{"line":46,"column":22},"end":{"line":46,"column":40}},"17":{"start":{"line":49,"column":4},"end":{"line":51,"column":5}},"18":{"start":{"line":50,"column":6},"end":{"line":50,"column":16}},"19":{"start":{"line":53,"column":4},"end":{"line":53,"column":21}},"20":{"start":{"line":55,"column":4},"end":{"line":55,"column":14}},"21":{"start":{"line":63,"column":24},"end":{"line":70,"column":1}},"22":{"start":{"line":64,"column":16},"end":{"line":64,"column":58}},"23":{"start":{"line":65,"column":2},"end":{"line":67,"column":3}},"24":{"start":{"line":66,"column":4},"end":{"line":66,"column":17}},"25":{"start":{"line":69,"column":2},"end":{"line":69,"column":13}},"26":{"start":{"line":76,"column":24},"end":{"line":79,"column":1}},"27":{"start":{"line":77,"column":16},"end":{"line":77,"column":36}},"28":{"start":{"line":78,"column":2},"end":{"line":78,"column":34}}},"fnMap":{"0":{"name":"(anonymous_0)","decl":{"start":{"line":4,"column":27},"end":{"line":4,"column":28}},"loc":{"start":{"line":4,"column":39},"end":{"line":15,"column":1}},"line":4},"1":{"name":"(anonymous_1)","decl":{"start":{"line":21,"column":34},"end":{"line":21,"column":35}},"loc":{"start":{"line":21,"column":51},"end":{"line":57,"column":1}},"line":21},"2":{"name":"(anonymous_2)","decl":{"start":{"line":63,"column":24},"end":{"line":63,"column":25}},"loc":{"start":{"line":63,"column":31},"end":{"line":70,"column":1}},"line":63},"3":{"name":"(anonymous_3)","decl":{"start":{"line":76,"column":24},"end":{"line":76,"column":25}},"loc":{"start":{"line":76,"column":34},"end":{"line":79,"column":1}},"line":76}},"branchMap":{"0":{"loc":{"start":{"line":25,"column":2},"end":{"line":40,"column":3}},"type":"if","locations":[{"start":{"line":25,"column":2},"end":{"line":40,"column":3}},{"start":{"line":25,"column":2},"end":{"line":40,"column":3}}],"line":25},"1":{"loc":{"start":{"line":30,"column":4},"end":{"line":39,"column":5}},"type":"if","locations":[{"start":{"line":30,"column":4},"end":{"line":39,"column":5}},{"start":{"line":30,"column":4},"end":{"line":39,"column":5}}],"line":30},"2":{"loc":{"start":{"line":33,"column":11},"end":{"line":39,"column":5}},"type":"if","locations":[{"start":{"line":33,"column":11},"end":{"line":39,"column":5}},{"start":{"line":33,"column":11},"end":{"line":39,"column":5}}],"line":33},"3":{"loc":{"start":{"line":33,"column":15},"end":{"line":33,"column":54}},"type":"binary-expr","locations":[{"start":{"line":33,"column":15},"end":{"line":33,"column":36}},{"start":{"line":33,"column":40},"end":{"line":33,"column":54}}],"line":33},"4":{"loc":{"start":{"line":49,"column":4},"end":{"line":51,"column":5}},"type":"if","locations":[{"start":{"line":49,"column":4},"end":{"line":51,"column":5}},{"start":{"line":49,"column":4},"end":{"line":51,"column":5}}],"line":49},"5":{"loc":{"start":{"line":65,"column":2},"end":{"line":67,"column":3}},"type":"if","locations":[{"start":{"line":65,"column":2},"end":{"line":67,"column":3}},{"start":{"line":65,"column":2},"end":{"line":67,"column":3}}],"line":65}},"s":{"0":3,"1":1,"2":1,"3":0,"4":0,"5":1,"6":3,"7":0,"8":0,"9":0,"10":0,"11":0,"12":0,"13":0,"14":0,"15":0,"16":0,"17":0,"18":0,"19":0,"20":0,"21":3,"22":2,"23":2,"24":1,"25":1,"26":3,"27":2,"28":2},"f":{"0":1,"1":0,"2":2,"3":2},"b":{"0":[0,0],"1":[0,0],"2":[0,0],"3":[0,0],"4":[0,0],"5":[1,1]},"_coverageSchema":"43e27e138ebf9cfc5966b082cf9a028302ed4184","hash":"a57888d622a899041198edcac971aa220a569775"}
,"F:\\Projects\\elisa\\src\\Functions\\MapFunctions.js": {"path":"F:\\Projects\\elisa\\src\\Functions\\MapFunctions.js","statementMap":{"0":{"start":{"line":8,"column":26},"end":{"line":19,"column":1}},"1":{"start":{"line":10,"column":4},"end":{"line":16,"column":19}},"2":{"start":{"line":18,"column":2},"end":{"line":18,"column":25}}},"fnMap":{"0":{"name":"(anonymous_0)","decl":{"start":{"line":8,"column":26},"end":{"line":8,"column":27}},"loc":{"start":{"line":8,"column":35},"end":{"line":19,"column":1}},"line":8}},"branchMap":{"0":{"loc":{"start":{"line":12,"column":5},"end":{"line":14,"column":36}},"type":"cond-expr","locations":[{"start":{"line":13,"column":8},"end":{"line":13,"column":28}},{"start":{"line":14,"column":8},"end":{"line":14,"column":36}}],"line":12}},"s":{"0":2,"1":1,"2":1},"f":{"0":1},"b":{"0":[0,1]},"_coverageSchema":"43e27e138ebf9cfc5966b082cf9a028302ed4184","hash":"0326f03ebee0e92e1d5addd0b9fa142390c6b5d6"}
,"F:\\Projects\\elisa\\src\\styles\\Styles.js": {"path":"F:\\Projects\\elisa\\src\\styles\\Styles.js","statementMap":{},"fnMap":{},"branchMap":{},"s":{},"f":{},"b":{},"_coverageSchema":"43e27e138ebf9cfc5966b082cf9a028302ed4184","hash":"edf4e0215f16fd48d58f5f4bf977d36dce647e42"}
}
