TN:
SF:F:\Projects\elisa\App.js
FN:4,(anonymous_0)
FNF:1
FNH:1
FNDA:1,(anonymous_0)
DA:4,1
DA:5,1
LF:2
LH:2
BRF:0
BRH:0
end_of_record
TN:
SF:F:\Projects\elisa\assets\lataus.png
FNF:0
FNH:0
DA:1,3
LF:1
LH:1
BRF:0
BRH:0
end_of_record
TN:
SF:F:\Projects\elisa\src\LoadingIndicator.js
FN:5,(anonymous_0)
FNF:1
FNH:1
FNDA:3,(anonymous_0)
DA:5,3
DA:6,3
DA:14,3
LF:3
LH:3
BRF:0
BRH:0
end_of_record
TN:
SF:F:\Projects\elisa\src\MapScreen.js
FN:22,(anonymous_0)
FN:27,(anonymous_1)
FN:28,(anonymous_2)
FN:46,(anonymous_3)
FN:55,(anonymous_4)
FN:62,(anonymous_5)
FN:67,(anonymous_6)
FN:68,(anonymous_7)
FNF:8
FNH:0
FNDA:0,(anonymous_0)
FNDA:0,(anonymous_1)
FNDA:0,(anonymous_2)
FNDA:0,(anonymous_3)
FNDA:0,(anonymous_4)
FNDA:0,(anonymous_5)
FNDA:0,(anonymous_6)
FNDA:0,(anonymous_7)
DA:10,1
DA:22,1
DA:23,0
DA:24,0
DA:25,0
DA:27,0
DA:28,0
DA:29,0
DA:30,0
DA:31,0
DA:32,0
DA:35,0
DA:41,0
DA:42,0
DA:47,0
DA:56,0
DA:59,0
DA:62,0
DA:63,0
DA:67,0
DA:68,0
DA:69,0
DA:73,0
LF:23
LH:2
BRDA:75,0,0,0
BRDA:75,0,1,0
BRDA:92,1,0,0
BRDA:92,1,1,0
BRDA:92,1,2,0
BRF:5
BRH:0
end_of_record
TN:
SF:F:\Projects\elisa\src\Navigator.js
FN:9,(anonymous_0)
FNF:1
FNH:1
FNDA:1,(anonymous_0)
DA:7,1
DA:9,1
DA:10,1
LF:3
LH:3
BRF:0
BRH:0
end_of_record
TN:
SF:F:\Projects\elisa\src\Search.js
FN:5,(anonymous_0)
FN:14,(anonymous_1)
FN:20,(anonymous_2)
FNF:3
FNH:1
FNDA:3,(anonymous_0)
FNDA:0,(anonymous_1)
FNDA:0,(anonymous_2)
DA:5,3
DA:7,3
DA:8,3
DA:14,0
DA:20,0
DA:30,3
LF:6
LH:4
BRF:0
BRH:0
end_of_record
TN:
SF:F:\Projects\elisa\src\TrainItem.js
FN:6,(anonymous_0)
FN:12,(anonymous_1)
FNF:2
FNH:1
FNDA:1,(anonymous_0)
FNDA:0,(anonymous_1)
DA:6,3
DA:7,1
DA:13,0
DA:22,3
LF:4
LH:3
BRF:0
BRH:0
end_of_record
TN:
SF:F:\Projects\elisa\src\TrainScreen.js
FN:8,(anonymous_0)
FN:17,(anonymous_1)
FN:33,(anonymous_2)
FN:40,(anonymous_3)
FN:54,(anonymous_4)
FN:57,(anonymous_5)
FNF:6
FNH:3
FNDA:2,(anonymous_0)
FNDA:0,(anonymous_1)
FNDA:1,(anonymous_2)
FNDA:1,(anonymous_3)
FNDA:0,(anonymous_4)
FNDA:0,(anonymous_5)
DA:8,2
DA:10,2
DA:12,2
DA:14,2
DA:17,2
DA:18,0
DA:19,0
DA:20,0
DA:22,0
DA:23,0
DA:27,0
DA:28,0
DA:33,2
DA:34,1
DA:35,0
DA:36,0
DA:40,2
DA:41,1
DA:44,2
DA:55,0
DA:57,0
LF:21
LH:10
BRDA:20,0,0,0
BRDA:20,0,1,0
BRDA:48,1,0,2
BRDA:48,1,1,0
BRDA:49,2,0,0
BRDA:49,2,1,2
BRF:6
BRH:2
end_of_record
TN:
SF:F:\Projects\elisa\src\Functions\Functions.js
FN:4,(anonymous_0)
FN:17,(anonymous_1)
FN:59,(anonymous_2)
FN:72,(anonymous_3)
FNF:4
FNH:3
FNDA:1,(anonymous_0)
FNDA:0,(anonymous_1)
FNDA:2,(anonymous_2)
FNDA:2,(anonymous_3)
DA:4,3
DA:5,1
DA:8,0
DA:10,0
DA:17,3
DA:21,0
DA:22,0
DA:26,0
DA:28,0
DA:29,0
DA:31,0
DA:34,0
DA:39,0
DA:40,0
DA:42,0
DA:45,0
DA:46,0
DA:49,0
DA:51,0
DA:59,3
DA:60,2
DA:61,2
DA:62,1
DA:65,1
DA:72,3
DA:73,2
DA:74,2
LF:27
LH:11
BRDA:21,0,0,0
BRDA:21,0,1,0
BRDA:26,1,0,0
BRDA:26,1,1,0
BRDA:29,2,0,0
BRDA:29,2,1,0
BRDA:29,3,0,0
BRDA:29,3,1,0
BRDA:45,4,0,0
BRDA:45,4,1,0
BRDA:61,5,0,1
BRDA:61,5,1,1
BRF:12
BRH:2
end_of_record
TN:
SF:F:\Projects\elisa\src\Functions\MapFunctions.js
FN:8,(anonymous_0)
FNF:1
FNH:1
FNDA:1,(anonymous_0)
DA:8,2
DA:10,1
DA:18,1
LF:3
LH:3
BRDA:12,0,0,0
BRDA:12,0,1,1
BRF:2
BRH:1
end_of_record
TN:
SF:F:\Projects\elisa\src\styles\Styles.js
FNF:0
FNH:0
LF:0
LH:0
BRF:0
BRH:0
end_of_record
